<?xml version="1.0" encoding="UTF-8"?>
<!-- Generated by org.testng.reporters.JUnitReportReporter -->
<testsuite hostname="DESKTOP-F8GGD3E" failures="0" tests="1" name="project.Test_02" time="6.681" errors="0" timestamp="2021-12-07T19:35:04 IST" skipped="0">
  <testcase classname="project.Test_02" name="test204" time="6.681"/>
  <system-out/>
</testsuite> <!-- project.Test_02 -->
