<?xml version="1.0" encoding="UTF-8"?>
<!-- Generated by org.testng.reporters.JUnitReportReporter -->
<testsuite hostname="DESKTOP-F8GGD3E" failures="0" tests="1" name="project.TestLogin" time="6.539" errors="0" timestamp="2021-12-14T23:13:12 IST" skipped="0">
  <testcase classname="project.TestLogin" name="test_login" time="6.539"/>
  <system-out/>
</testsuite> <!-- project.TestLogin -->
