<?xml version="1.0" encoding="UTF-8"?>
<!-- Generated by org.testng.reporters.JUnitReportReporter -->
<testsuite hostname="DESKTOP-F8GGD3E" failures="0" tests="4" name="project.TestLogin" time="26.589" errors="0" timestamp="2021-12-15T14:13:43 IST" skipped="0">
  <testcase classname="project.TestLogin" name="test_login" time="7.418"/>
  <system-out/>
  <testcase classname="project.TestLogin" name="test_login" time="6.119"/>
  <system-out/>
  <testcase classname="project.TestLogin" name="test_login" time="6.115"/>
  <system-out/>
  <testcase classname="project.TestLogin" name="test_login" time="6.937"/>
  <system-out/>
</testsuite> <!-- project.TestLogin -->
