<?xml version="1.0" encoding="UTF-8"?>
<!-- Generated by org.testng.reporters.JUnitReportReporter -->
<testsuite hostname="DESKTOP-F8GGD3E" failures="0" tests="1" name="project.TestOrderProducts" time="18.914" errors="0" timestamp="2021-12-14T23:45:51 IST" skipped="0">
  <testcase classname="project.TestOrderProducts" name="test_addToCart" time="18.914"/>
  <system-out/>
</testsuite> <!-- project.TestOrderProducts -->
