<?xml version="1.0" encoding="UTF-8"?>
<!-- Generated by org.testng.reporters.JUnitReportReporter -->
<testsuite hostname="DESKTOP-F8GGD3E" failures="0" tests="1" name="project.Test_login" time="5.447" errors="0" timestamp="2021-12-14T19:43:42 IST" skipped="0">
  <testcase classname="project.Test_login" name="test_login" time="5.447"/>
  <system-out/>
</testsuite> <!-- project.Test_login -->
