<?xml version="1.0" encoding="UTF-8"?>
<!-- Generated by org.testng.reporters.JUnitReportReporter -->
<testsuite hostname="DESKTOP-F8GGD3E" failures="0" tests="2" name="NewTest_dvir_amit" time="0.016" errors="0" timestamp="2021-12-07T18:02:01 IST" skipped="0">
  <testcase classname="NewTest_dvir_amit" name="f" time="0.013"/>
  <system-out/>
  <testcase classname="NewTest_dvir_amit" name="f" time="0.003"/>
  <system-out/>
</testsuite> <!-- NewTest_dvir_amit -->
