<?xml version="1.0" encoding="UTF-8"?>
<!-- Generated by org.testng.reporters.JUnitReportReporter -->
<testsuite hostname="DESKTOP-F8GGD3E" failures="0" tests="1" name="project.TestOrderProducts" time="21.429" errors="0" timestamp="2021-12-14T23:13:12 IST" skipped="0">
  <testcase classname="project.TestOrderProducts" name="test_addToCart" time="21.429"/>
  <system-out/>
</testsuite> <!-- project.TestOrderProducts -->
