<?xml version="1.0" encoding="UTF-8"?>
<!-- Generated by org.testng.reporters.JUnitReportReporter -->
<testsuite hostname="DESKTOP-F8GGD3E" failures="0" tests="1" name="project.OrderProducts" time="22.269" errors="0" timestamp="2021-12-14T23:10:17 IST" skipped="0">
  <testcase classname="project.OrderProducts" name="test_addToCart" time="22.269"/>
  <system-out/>
</testsuite> <!-- project.OrderProducts -->
